  Poziom2.cpp
C:\Users\Admin\source\repos\Arkanoid_kamien\Arkanoid\Poziom2.cpp(38,15): warning C4244: "argument": konwersja z "time_t" do "unsigned int", możliwa utrata danych
C:\Users\Admin\source\repos\Arkanoid_kamien\Arkanoid\Poziom2.cpp(177,27): warning C4018: "<": niezgodność typu ze znakiem/bez znaku
C:\Users\Admin\source\repos\Arkanoid_kamien\Arkanoid\Poziom2.cpp(179,31): warning C4018: "<": niezgodność typu ze znakiem/bez znaku
C:\Users\Admin\source\repos\Arkanoid_kamien\Arkanoid\Poziom2.cpp(226,23): warning C4101: "aevent": lokalna zmienna, do której nie istnieje odwołanie
C:\Program Files\Microsoft Visual Studio\2022\Community\VC\Tools\MSVC\14.36.32532\include\xmemory(677,68): warning C4244: "argument": konwersja z "unsigned int" do "float", możliwa utrata danych
C:\Program Files\Microsoft Visual Studio\2022\Community\VC\Tools\MSVC\14.36.32532\include\vector(798,27): message : zobacz odwołanie do kompilowanego tworzenia wystąpienia „void std::_Default_allocator_traits<_Alloc>::construct<_Ty,unsigned int,unsigned int,unsigned int&,unsigned int&>(_Alloc &,_Objty *const ,unsigned int &&,unsigned int &&,unsigned int &,unsigned int &)” funkcji szablon
          with
          [
              _Alloc=std::allocator<Block>,
              _Ty=Block,
              _Objty=Block
          ]
C:\Program Files\Microsoft Visual Studio\2022\Community\VC\Tools\MSVC\14.36.32532\include\vector(780,20): message : zobacz odwołanie do kompilowanego tworzenia wystąpienia „_Ty &std::vector<_Ty,std::allocator<_Ty>>::_Emplace_back_with_unused_capacity<unsigned int,unsigned int,unsigned int&,unsigned int&>(unsigned int &&,unsigned int &&,unsigned int &,unsigned int &)” funkcji szablon
          with
          [
              _Ty=Block
          ]
C:\Program Files\Microsoft Visual Studio\2022\Community\VC\Tools\MSVC\14.36.32532\include\vector(862,24): message : zobacz odwołanie do kompilowanego tworzenia wystąpienia „_Ty &std::vector<_Ty,std::allocator<_Ty>>::_Emplace_one_at_back<unsigned int,unsigned int,unsigned int&,unsigned int&>(unsigned int &&,unsigned int &&,unsigned int &,unsigned int &)” funkcji szablon
          with
          [
              _Ty=Block
          ]
C:\Users\Admin\source\repos\Arkanoid_kamien\Arkanoid\Poziom2.cpp(184,27): message : zobacz odwołanie do kompilowanego tworzenia wystąpienia „void std::vector<Block,std::allocator<Block>>::emplace_back<unsigned int,unsigned int,unsigned int&,unsigned int&>(unsigned int &&,unsigned int &&,unsigned int &,unsigned int &)” funkcji szablon
C:\Program Files\Microsoft Visual Studio\2022\Community\VC\Tools\MSVC\14.36.32532\include\xmemory(677,68): warning C4244: "argument": konwersja z "_Ty" do "float", możliwa utrata danych
          with
          [
              _Ty=unsigned int
          ]
C:\Users\Admin\source\repos\Arkanoid_kamien\Arkanoid\Poziom2.cpp(89): warning C4715: "collisionTest2”: niewszystkie ścieżki kodu zwracają wartość
C:\Users\Admin\source\repos\Arkanoid_kamien\Arkanoid\Poziom2.cpp(100): warning C4715: "isGameOver2”: niewszystkie ścieżki kodu zwracają wartość
C:\Users\Admin\source\repos\Arkanoid_kamien\Arkanoid\Poziom2.cpp(314): warning C4715: "Poziom2::Start”: niewszystkie ścieżki kodu zwracają wartość
C:\Users\Admin\source\repos\Arkanoid_kamien\Arkanoid\Poziom2.cpp(53): warning C4715: "collisionTest2”: niewszystkie ścieżki kodu zwracają wartość
  Arkanoid.vcxproj -> C:\Users\Admin\source\repos\Arkanoid_kamien\x64\Debug\Arkanoid.exe
